[27-May-2020 20:42:04 UTC] PHP Fatal error:  Uncaught Error: Call to undefined function wp_sidebar() in /Users/jonasmuser/Local Sites/rmwptheme/app/public/wp-content/themes/rmdesign/sidebar.php:4
Stack trace:
#0 /Users/jonasmuser/Local Sites/rmwptheme/app/public/wp-includes/template.php(723): require_once()
#1 /Users/jonasmuser/Local Sites/rmwptheme/app/public/wp-includes/template.php(672): load_template('/Users/jonasmus...', true)
#2 /Users/jonasmuser/Local Sites/rmwptheme/app/public/wp-includes/general-template.php(111): locate_template(Array, true)
#3 /Users/jonasmuser/Local Sites/rmwptheme/app/public/wp-content/themes/rmdesign/front-page.php(6): get_sidebar()
#4 /Users/jonasmuser/Local Sites/rmwptheme/app/public/wp-includes/template-loader.php(106): include('/Users/jonasmus...')
#5 /Users/jonasmuser/Local Sites/rmwptheme/app/public/wp-blog-header.php(19): require_once('/Users/jonasmus...')
#6 /Users/jonasmuser/Local Sites/rmwptheme/app/public/index.php(17): require('/Users/jonasmus...')
#7 {main}
  thrown in /Users/jonasmuser/Local Sites/rmwptheme/app/public/wp-content/themes/rmdesign/sidebar.php on line 4
[27-May-2020 20:42:22 UTC] PHP Fatal error:  Uncaught Error: Call to undefined function wp_side() in /Users/jonasmuser/Local Sites/rmwptheme/app/public/wp-content/themes/rmdesign/sidebar.php:4
Stack trace:
#0 /Users/jonasmuser/Local Sites/rmwptheme/app/public/wp-includes/template.php(723): require_once()
#1 /Users/jonasmuser/Local Sites/rmwptheme/app/public/wp-includes/template.php(672): load_template('/Users/jonasmus...', true)
#2 /Users/jonasmuser/Local Sites/rmwptheme/app/public/wp-includes/general-template.php(111): locate_template(Array, true)
#3 /Users/jonasmuser/Local Sites/rmwptheme/app/public/wp-content/themes/rmdesign/front-page.php(6): get_sidebar()
#4 /Users/jonasmuser/Local Sites/rmwptheme/app/public/wp-includes/template-loader.php(106): include('/Users/jonasmus...')
#5 /Users/jonasmuser/Local Sites/rmwptheme/app/public/wp-blog-header.php(19): require_once('/Users/jonasmus...')
#6 /Users/jonasmuser/Local Sites/rmwptheme/app/public/index.php(17): require('/Users/jonasmus...')
#7 {main}
  thrown in /Users/jonasmuser/Local Sites/rmwptheme/app/public/wp-content/themes/rmdesign/sidebar.php on line 4
[27-May-2020 20:42:30 UTC] PHP Fatal error:  Uncaught Error: Call to undefined function wp_side() in /Users/jonasmuser/Local Sites/rmwptheme/app/public/wp-content/themes/rmdesign/sidebar.php:4
Stack trace:
#0 /Users/jonasmuser/Local Sites/rmwptheme/app/public/wp-includes/template.php(723): require_once()
#1 /Users/jonasmuser/Local Sites/rmwptheme/app/public/wp-includes/template.php(672): load_template('/Users/jonasmus...', true)
#2 /Users/jonasmuser/Local Sites/rmwptheme/app/public/wp-includes/general-template.php(111): locate_template(Array, true)
#3 /Users/jonasmuser/Local Sites/rmwptheme/app/public/wp-content/themes/rmdesign/front-page.php(6): get_sidebar()
#4 /Users/jonasmuser/Local Sites/rmwptheme/app/public/wp-includes/template-loader.php(106): include('/Users/jonasmus...')
#5 /Users/jonasmuser/Local Sites/rmwptheme/app/public/wp-blog-header.php(19): require_once('/Users/jonasmus...')
#6 /Users/jonasmuser/Local Sites/rmwptheme/app/public/index.php(17): require('/Users/jonasmus...')
#7 {main}
  thrown in /Users/jonasmuser/Local Sites/rmwptheme/app/public/wp-content/themes/rmdesign/sidebar.php on line 4
[27-May-2020 20:42:45 UTC] PHP Fatal error:  Uncaught Error: Call to undefined function wp_side() in /Users/jonasmuser/Local Sites/rmwptheme/app/public/wp-content/themes/rmdesign/sidebar.php:4
Stack trace:
#0 /Users/jonasmuser/Local Sites/rmwptheme/app/public/wp-includes/template.php(723): require_once()
#1 /Users/jonasmuser/Local Sites/rmwptheme/app/public/wp-includes/template.php(672): load_template('/Users/jonasmus...', true)
#2 /Users/jonasmuser/Local Sites/rmwptheme/app/public/wp-includes/general-template.php(111): locate_template(Array, true)
#3 /Users/jonasmuser/Local Sites/rmwptheme/app/public/wp-content/themes/rmdesign/front-page.php(6): get_sidebar()
#4 /Users/jonasmuser/Local Sites/rmwptheme/app/public/wp-includes/template-loader.php(106): include('/Users/jonasmus...')
#5 /Users/jonasmuser/Local Sites/rmwptheme/app/public/wp-blog-header.php(19): require_once('/Users/jonasmus...')
#6 /Users/jonasmuser/Local Sites/rmwptheme/app/public/index.php(17): require('/Users/jonasmus...')
#7 {main}
  thrown in /Users/jonasmuser/Local Sites/rmwptheme/app/public/wp-content/themes/rmdesign/sidebar.php on line 4
[27-May-2020 20:43:57 UTC] PHP Fatal error:  Uncaught Error: Call to undefined function wp_side() in /Users/jonasmuser/Local Sites/rmwptheme/app/public/wp-content/themes/rmdesign/sidebar.php:4
Stack trace:
#0 /Users/jonasmuser/Local Sites/rmwptheme/app/public/wp-includes/template.php(723): require_once()
#1 /Users/jonasmuser/Local Sites/rmwptheme/app/public/wp-includes/template.php(672): load_template('/Users/jonasmus...', true)
#2 /Users/jonasmuser/Local Sites/rmwptheme/app/public/wp-includes/general-template.php(111): locate_template(Array, true)
#3 /Users/jonasmuser/Local Sites/rmwptheme/app/public/wp-content/themes/rmdesign/front-page.php(6): get_sidebar()
#4 /Users/jonasmuser/Local Sites/rmwptheme/app/public/wp-includes/template-loader.php(106): include('/Users/jonasmus...')
#5 /Users/jonasmuser/Local Sites/rmwptheme/app/public/wp-blog-header.php(19): require_once('/Users/jonasmus...')
#6 /Users/jonasmuser/Local Sites/rmwptheme/app/public/index.php(17): require('/Users/jonasmus...')
#7 {main}
  thrown in /Users/jonasmuser/Local Sites/rmwptheme/app/public/wp-content/themes/rmdesign/sidebar.php on line 4
[27-May-2020 20:43:58 UTC] PHP Fatal error:  Uncaught Error: Call to undefined function wp_side() in /Users/jonasmuser/Local Sites/rmwptheme/app/public/wp-content/themes/rmdesign/sidebar.php:4
Stack trace:
#0 /Users/jonasmuser/Local Sites/rmwptheme/app/public/wp-includes/template.php(723): require_once()
#1 /Users/jonasmuser/Local Sites/rmwptheme/app/public/wp-includes/template.php(672): load_template('/Users/jonasmus...', true)
#2 /Users/jonasmuser/Local Sites/rmwptheme/app/public/wp-includes/general-template.php(111): locate_template(Array, true)
#3 /Users/jonasmuser/Local Sites/rmwptheme/app/public/wp-content/themes/rmdesign/front-page.php(6): get_sidebar()
#4 /Users/jonasmuser/Local Sites/rmwptheme/app/public/wp-includes/template-loader.php(106): include('/Users/jonasmus...')
#5 /Users/jonasmuser/Local Sites/rmwptheme/app/public/wp-blog-header.php(19): require_once('/Users/jonasmus...')
#6 /Users/jonasmuser/Local Sites/rmwptheme/app/public/index.php(17): require('/Users/jonasmus...')
#7 {main}
  thrown in /Users/jonasmuser/Local Sites/rmwptheme/app/public/wp-content/themes/rmdesign/sidebar.php on line 4
[27-May-2020 20:45:11 UTC] PHP Fatal error:  Uncaught Error: Call to undefined function wp_side() in /Users/jonasmuser/Local Sites/rmwptheme/app/public/wp-content/themes/rmdesign/sidebar.php:3
Stack trace:
#0 /Users/jonasmuser/Local Sites/rmwptheme/app/public/wp-includes/template.php(723): require_once()
#1 /Users/jonasmuser/Local Sites/rmwptheme/app/public/wp-includes/template.php(672): load_template('/Users/jonasmus...', true)
#2 /Users/jonasmuser/Local Sites/rmwptheme/app/public/wp-includes/general-template.php(111): locate_template(Array, true)
#3 /Users/jonasmuser/Local Sites/rmwptheme/app/public/wp-content/themes/rmdesign/front-page.php(6): get_sidebar()
#4 /Users/jonasmuser/Local Sites/rmwptheme/app/public/wp-includes/template-loader.php(106): include('/Users/jonasmus...')
#5 /Users/jonasmuser/Local Sites/rmwptheme/app/public/wp-blog-header.php(19): require_once('/Users/jonasmus...')
#6 /Users/jonasmuser/Local Sites/rmwptheme/app/public/index.php(17): require('/Users/jonasmus...')
#7 {main}
  thrown in /Users/jonasmuser/Local Sites/rmwptheme/app/public/wp-content/themes/rmdesign/sidebar.php on line 3
